2018-09-30 20:56:54 INFO  ExamenDao:60 - Inicio Calculo Capital final Obtenido....
2018-09-30 20:56:54 INFO  FileUtil:31 - Inicio Lectura Fichero ....
2018-09-30 20:56:55 INFO  FileUtil:61 - Fin Lectura Fichero ....
2018-09-30 20:56:55 INFO  ExamenDao:71 - Inicio Reordenamos el ArrayList por Fecha del Objeto ModelTO
2018-09-30 20:56:55 INFO  ExamenDao:75 - Inicio Reordenamos el ArrayList por Fecha del Objeto ModelTO
2018-09-30 20:56:55 INFO  ExamenDao:98 - Día siguiente al último Jueves de mes. Día: Fri Jun 01 00:00:00 CEST 2001. Valor Apertura: 3.664. Acciones:13.373 Acciones Acum: 13.373
2018-09-30 20:56:55 INFO  ExamenDao:98 - Día siguiente al último Jueves de mes. Día: Fri Jun 29 00:00:00 CEST 2001. Valor Apertura: 3.7. Acciones:13.243 Acciones Acum: 26.616
2018-09-30 20:56:55 INFO  ExamenDao:98 - Día siguiente al último Jueves de mes. Día: Fri Jul 27 00:00:00 CEST 2001. Valor Apertura: 3.602. Acciones:13.604 Acciones Acum: 40.220
2018-09-30 20:56:55 INFO  ExamenDao:98 - Día siguiente al último Jueves de mes. Día: Fri Aug 31 00:00:00 CEST 2001. Valor Apertura: 3.76. Acciones:13.032 Acciones Acum: 53.252
2018-09-30 20:56:55 INFO  ExamenDao:98 - Día siguiente al último Jueves de mes. Día: Fri Sep 28 00:00:00 CEST 2001. Valor Apertura: 3.562. Acciones:13.756 Acciones Acum: 67.008
2018-09-30 20:56:55 INFO  ExamenDao:98 - Día siguiente al último Jueves de mes. Día: Fri Oct 26 00:00:00 CEST 2001. Valor Apertura: 3.912. Acciones:12.526 Acciones Acum: 79.534
2018-09-30 20:56:55 INFO  ExamenDao:98 - Día siguiente al último Jueves de mes. Día: Fri Nov 30 00:00:00 CET 2001. Valor Apertura: 4.22. Acciones:11.611 Acciones Acum: 91.145
2018-09-30 20:56:55 INFO  ExamenDao:98 - Día siguiente al último Jueves de mes. Día: Fri Dec 28 00:00:00 CET 2001. Valor Apertura: 4.28. Acciones:11.449 Acciones Acum: 102.594
2018-09-30 20:56:55 INFO  ExamenDao:98 - Día siguiente al último Jueves de mes. Día: Fri Feb 01 00:00:00 CET 2002. Valor Apertura: 4.51. Acciones:10.865 Acciones Acum: 113.459
2018-09-30 20:56:55 INFO  ExamenDao:98 - Día siguiente al último Jueves de mes. Día: Fri Mar 01 00:00:00 CET 2002. Valor Apertura: 4.554. Acciones:10.760 Acciones Acum: 124.219
2018-09-30 20:56:55 INFO  ExamenDao:98 - Día siguiente al último Jueves de mes. Día: Tue Apr 02 00:00:00 CEST 2002. Valor Apertura: 4.33. Acciones:11.316 Acciones Acum: 135.535
2018-09-30 20:56:55 INFO  ExamenDao:98 - Día siguiente al último Jueves de mes. Día: Fri Apr 26 00:00:00 CEST 2002. Valor Apertura: 4.59. Acciones:10.675 Acciones Acum: 146.210
2018-09-30 20:56:55 INFO  ExamenDao:98 - Día siguiente al último Jueves de mes. Día: Fri May 31 00:00:00 CEST 2002. Valor Apertura: 4.276. Acciones:11.459 Acciones Acum: 157.669
2018-09-30 20:56:55 INFO  ExamenDao:98 - Día siguiente al último Jueves de mes. Día: Fri Jun 28 00:00:00 CEST 2002. Valor Apertura: 4.15. Acciones:11.807 Acciones Acum: 169.476
2018-09-30 20:56:55 INFO  ExamenDao:98 - Día siguiente al último Jueves de mes. Día: Fri Jul 26 00:00:00 CEST 2002. Valor Apertura: 3.742. Acciones:13.095 Acciones Acum: 182.571
2018-09-30 20:56:55 INFO  ExamenDao:98 - Día siguiente al último Jueves de mes. Día: Fri Aug 30 00:00:00 CEST 2002. Valor Apertura: 3.762. Acciones:13.025 Acciones Acum: 195.596
2018-09-30 20:56:55 INFO  ExamenDao:98 - Día siguiente al último Jueves de mes. Día: Fri Sep 27 00:00:00 CEST 2002. Valor Apertura: 4.104. Acciones:11.940 Acciones Acum: 207.536
2018-09-30 20:56:55 INFO  ExamenDao:98 - Día siguiente al último Jueves de mes. Día: Mon Nov 04 00:00:00 CET 2002. Valor Apertura: 4.616. Acciones:10.615 Acciones Acum: 218.151
2018-09-30 20:56:55 INFO  ExamenDao:98 - Día siguiente al último Jueves de mes. Día: Fri Nov 29 00:00:00 CET 2002. Valor Apertura: 4.838. Acciones:10.128 Acciones Acum: 228.279
2018-09-30 20:56:55 INFO  ExamenDao:98 - Día siguiente al último Jueves de mes. Día: Fri Jan 31 00:00:00 CET 2003. Valor Apertura: 4.46. Acciones:10.987 Acciones Acum: 239.266
2018-09-30 20:56:55 INFO  ExamenDao:98 - Día siguiente al último Jueves de mes. Día: Fri Feb 28 00:00:00 CET 2003. Valor Apertura: 4.568. Acciones:10.727 Acciones Acum: 249.993
2018-09-30 20:56:55 INFO  ExamenDao:98 - Día siguiente al último Jueves de mes. Día: Fri Mar 28 00:00:00 CET 2003. Valor Apertura: 3.758. Acciones:13.039 Acciones Acum: 263.032
2018-09-30 20:56:55 INFO  ExamenDao:98 - Día siguiente al último Jueves de mes. Día: Fri May 30 00:00:00 CEST 2003. Valor Apertura: 3.796. Acciones:12.908 Acciones Acum: 275.940
2018-09-30 20:56:55 INFO  ExamenDao:98 - Día siguiente al último Jueves de mes. Día: Fri Jun 27 00:00:00 CEST 2003. Valor Apertura: 4.27. Acciones:11.475 Acciones Acum: 287.415
2018-09-30 20:56:55 INFO  ExamenDao:98 - Día siguiente al último Jueves de mes. Día: Fri Aug 01 00:00:00 CEST 2003. Valor Apertura: 4.502. Acciones:10.884 Acciones Acum: 298.299
2018-09-30 20:56:55 INFO  ExamenDao:98 - Día siguiente al último Jueves de mes. Día: Fri Aug 29 00:00:00 CEST 2003. Valor Apertura: 4.612. Acciones:10.624 Acciones Acum: 308.923
2018-09-30 20:56:55 INFO  ExamenDao:98 - Día siguiente al último Jueves de mes. Día: Fri Sep 26 00:00:00 CEST 2003. Valor Apertura: 3.87. Acciones:12.661 Acciones Acum: 321.584
2018-09-30 20:56:55 INFO  ExamenDao:98 - Día siguiente al último Jueves de mes. Día: Fri Oct 31 00:00:00 CET 2003. Valor Apertura: 3.59. Acciones:13.649 Acciones Acum: 335.233
2018-09-30 20:56:55 INFO  ExamenDao:98 - Día siguiente al último Jueves de mes. Día: Fri Nov 28 00:00:00 CET 2003. Valor Apertura: 3.77. Acciones:12.997 Acciones Acum: 348.230
2018-09-30 20:56:55 INFO  ExamenDao:98 - Día siguiente al último Jueves de mes. Día: Fri Jan 30 00:00:00 CET 2004. Valor Apertura: 3.218. Acciones:15.227 Acciones Acum: 363.457
2018-09-30 20:56:55 INFO  ExamenDao:98 - Día siguiente al último Jueves de mes. Día: Fri Feb 27 00:00:00 CET 2004. Valor Apertura: 3.578. Acciones:13.695 Acciones Acum: 377.152
2018-09-30 20:56:55 INFO  ExamenDao:98 - Día siguiente al último Jueves de mes. Día: Fri Mar 26 00:00:00 CET 2004. Valor Apertura: 3.71. Acciones:13.208 Acciones Acum: 390.360
2018-09-30 20:56:55 INFO  ExamenDao:98 - Día siguiente al último Jueves de mes. Día: Fri Apr 30 00:00:00 CEST 2004. Valor Apertura: 3.636. Acciones:13.476 Acciones Acum: 403.836
2018-09-30 20:56:55 INFO  ExamenDao:98 - Día siguiente al último Jueves de mes. Día: Fri May 28 00:00:00 CEST 2004. Valor Apertura: 3.8. Acciones:12.895 Acciones Acum: 416.731
2018-09-30 20:56:55 INFO  ExamenDao:98 - Día siguiente al último Jueves de mes. Día: Fri Jul 30 00:00:00 CEST 2004. Valor Apertura: 3.8. Acciones:12.895 Acciones Acum: 429.626
2018-09-30 20:56:55 INFO  ExamenDao:98 - Día siguiente al último Jueves de mes. Día: Fri Aug 27 00:00:00 CEST 2004. Valor Apertura: 3.778. Acciones:12.970 Acciones Acum: 442.596
2018-09-30 20:56:55 INFO  ExamenDao:98 - Día siguiente al último Jueves de mes. Día: Fri Oct 01 00:00:00 CEST 2004. Valor Apertura: 3.994. Acciones:12.268 Acciones Acum: 454.864
2018-09-30 20:56:55 INFO  ExamenDao:98 - Día siguiente al último Jueves de mes. Día: Fri Oct 29 00:00:00 CEST 2004. Valor Apertura: 4. Acciones:12.250 Acciones Acum: 467.114
2018-09-30 20:56:55 INFO  ExamenDao:98 - Día siguiente al último Jueves de mes. Día: Fri Nov 26 00:00:00 CET 2004. Valor Apertura: 4.354. Acciones:11.254 Acciones Acum: 478.368
2018-09-30 20:56:55 INFO  ExamenDao:98 - Día siguiente al último Jueves de mes. Día: Mon Jan 03 00:00:00 CET 2005. Valor Apertura: 4.322. Acciones:11.337 Acciones Acum: 489.705
2018-09-30 20:56:55 INFO  ExamenDao:98 - Día siguiente al último Jueves de mes. Día: Fri Jan 28 00:00:00 CET 2005. Valor Apertura: 4.324. Acciones:11.332 Acciones Acum: 501.037
2018-09-30 20:56:55 INFO  ExamenDao:98 - Día siguiente al último Jueves de mes. Día: Fri Feb 25 00:00:00 CET 2005. Valor Apertura: 4.664. Acciones:10.506 Acciones Acum: 511.543
2018-09-30 20:56:55 INFO  ExamenDao:98 - Día siguiente al último Jueves de mes. Día: Fri Apr 01 00:00:00 CEST 2005. Valor Apertura: 4.76. Acciones:10.294 Acciones Acum: 521.837
2018-09-30 20:56:55 INFO  ExamenDao:98 - Día siguiente al último Jueves de mes. Día: Fri Apr 29 00:00:00 CEST 2005. Valor Apertura: 4.6. Acciones:10.652 Acciones Acum: 532.489
2018-09-30 20:56:55 INFO  ExamenDao:98 - Día siguiente al último Jueves de mes. Día: Fri May 27 00:00:00 CEST 2005. Valor Apertura: 4.66. Acciones:10.515 Acciones Acum: 543.004
2018-09-30 20:56:55 INFO  ExamenDao:98 - Día siguiente al último Jueves de mes. Día: Fri Jul 01 00:00:00 CEST 2005. Valor Apertura: 4.24. Acciones:11.557 Acciones Acum: 554.561
2018-09-30 20:56:55 INFO  ExamenDao:98 - Día siguiente al último Jueves de mes. Día: Fri Jul 29 00:00:00 CEST 2005. Valor Apertura: 4.46. Acciones:10.987 Acciones Acum: 565.548
2018-09-30 20:56:55 INFO  ExamenDao:98 - Día siguiente al último Jueves de mes. Día: Fri Aug 26 00:00:00 CEST 2005. Valor Apertura: 4.348. Acciones:11.270 Acciones Acum: 576.818
2018-09-30 20:56:55 INFO  ExamenDao:98 - Día siguiente al último Jueves de mes. Día: Fri Sep 30 00:00:00 CEST 2005. Valor Apertura: 4.91. Acciones:9.980 Acciones Acum: 586.798
2018-09-30 20:56:55 INFO  ExamenDao:98 - Día siguiente al último Jueves de mes. Día: Fri Oct 28 00:00:00 CEST 2005. Valor Apertura: 4.952. Acciones:9.895 Acciones Acum: 596.693
2018-09-30 20:56:55 INFO  ExamenDao:98 - Día siguiente al último Jueves de mes. Día: Fri Dec 30 00:00:00 CET 2005. Valor Apertura: 5.49. Acciones:8.925 Acciones Acum: 605.618
2018-09-30 20:56:55 INFO  ExamenDao:98 - Día siguiente al último Jueves de mes. Día: Fri Jan 27 00:00:00 CET 2006. Valor Apertura: 5.556. Acciones:8.819 Acciones Acum: 614.437
2018-09-30 20:56:55 INFO  ExamenDao:98 - Día siguiente al último Jueves de mes. Día: Fri Feb 24 00:00:00 CET 2006. Valor Apertura: 5.866. Acciones:8.353 Acciones Acum: 622.790
2018-09-30 20:56:55 INFO  ExamenDao:98 - Día siguiente al último Jueves de mes. Día: Fri Mar 31 00:00:00 CEST 2006. Valor Apertura: 6.374. Acciones:7.687 Acciones Acum: 630.477
2018-09-30 20:56:55 INFO  ExamenDao:98 - Día siguiente al último Jueves de mes. Día: Fri Apr 28 00:00:00 CEST 2006. Valor Apertura: 6.482. Acciones:7.559 Acciones Acum: 638.036
2018-09-30 20:56:55 INFO  ExamenDao:98 - Día siguiente al último Jueves de mes. Día: Fri May 26 00:00:00 CEST 2006. Valor Apertura: 6.112. Acciones:8.017 Acciones Acum: 646.053
2018-09-30 20:56:55 INFO  ExamenDao:98 - Día siguiente al último Jueves de mes. Día: Fri Jun 30 00:00:00 CEST 2006. Valor Apertura: 6.582. Acciones:7.445 Acciones Acum: 653.498
2018-09-30 20:56:55 INFO  ExamenDao:98 - Día siguiente al último Jueves de mes. Día: Fri Jul 28 00:00:00 CEST 2006. Valor Apertura: 6.716. Acciones:7.296 Acciones Acum: 660.794
2018-09-30 20:56:55 INFO  ExamenDao:98 - Día siguiente al último Jueves de mes. Día: Fri Sep 01 00:00:00 CEST 2006. Valor Apertura: 7.056. Acciones:6.944 Acciones Acum: 667.738
2018-09-30 20:56:55 INFO  ExamenDao:98 - Día siguiente al último Jueves de mes. Día: Fri Sep 29 00:00:00 CEST 2006. Valor Apertura: 7.266. Acciones:6.744 Acciones Acum: 674.482
2018-09-30 20:56:55 INFO  ExamenDao:98 - Día siguiente al último Jueves de mes. Día: Fri Oct 27 00:00:00 CEST 2006. Valor Apertura: 7.502. Acciones:6.532 Acciones Acum: 681.014
2018-09-30 20:56:55 INFO  ExamenDao:98 - Día siguiente al último Jueves de mes. Día: Fri Dec 01 00:00:00 CET 2006. Valor Apertura: 7.71. Acciones:6.355 Acciones Acum: 687.369
2018-09-30 20:56:55 INFO  ExamenDao:98 - Día siguiente al último Jueves de mes. Día: Fri Dec 29 00:00:00 CET 2006. Valor Apertura: 8.2. Acciones:5.976 Acciones Acum: 693.345
2018-09-30 20:56:55 INFO  ExamenDao:98 - Día siguiente al último Jueves de mes. Día: Fri Jan 26 00:00:00 CET 2007. Valor Apertura: 8.17. Acciones:5.998 Acciones Acum: 699.343
2018-09-30 20:56:55 INFO  ExamenDao:98 - Día siguiente al último Jueves de mes. Día: Fri Feb 23 00:00:00 CET 2007. Valor Apertura: 9.13. Acciones:5.367 Acciones Acum: 704.710
2018-09-30 20:56:55 INFO  ExamenDao:98 - Día siguiente al último Jueves de mes. Día: Fri Mar 30 00:00:00 CEST 2007. Valor Apertura: 9.296. Acciones:5.271 Acciones Acum: 709.981
2018-09-30 20:56:55 INFO  ExamenDao:98 - Día siguiente al último Jueves de mes. Día: Fri Apr 27 00:00:00 CEST 2007. Valor Apertura: 9.236. Acciones:5.305 Acciones Acum: 715.286
2018-09-30 20:56:55 INFO  ExamenDao:98 - Día siguiente al último Jueves de mes. Día: Fri Jun 01 00:00:00 CEST 2007. Valor Apertura: 9.34. Acciones:5.246 Acciones Acum: 720.532
2018-09-30 20:56:55 INFO  ExamenDao:98 - Día siguiente al último Jueves de mes. Día: Fri Jun 29 00:00:00 CEST 2007. Valor Apertura: 8.724. Acciones:5.617 Acciones Acum: 726.149
2018-09-30 20:56:55 INFO  ExamenDao:98 - Día siguiente al último Jueves de mes. Día: Fri Jul 27 00:00:00 CEST 2007. Valor Apertura: 8.48. Acciones:5.778 Acciones Acum: 731.927
2018-09-30 20:56:55 INFO  ExamenDao:98 - Día siguiente al último Jueves de mes. Día: Fri Aug 31 00:00:00 CEST 2007. Valor Apertura: 8.518. Acciones:5.753 Acciones Acum: 737.680
2018-09-30 20:56:55 INFO  ExamenDao:98 - Día siguiente al último Jueves de mes. Día: Fri Sep 28 00:00:00 CEST 2007. Valor Apertura: 9.35. Acciones:5.241 Acciones Acum: 742.921
2018-09-30 20:56:55 INFO  ExamenDao:98 - Día siguiente al último Jueves de mes. Día: Fri Oct 26 00:00:00 CEST 2007. Valor Apertura: 10.03. Acciones:4.885 Acciones Acum: 747.806
2018-09-30 20:56:55 INFO  ExamenDao:98 - Día siguiente al último Jueves de mes. Día: Fri Nov 30 00:00:00 CET 2007. Valor Apertura: 9.922. Acciones:4.939 Acciones Acum: 752.745
2018-09-30 20:56:55 INFO  ExamenDao:98 - Día siguiente al último Jueves de mes. Día: Fri Dec 28 00:00:00 CET 2007. Valor Apertura: 8.424. Acciones:5.817 Acciones Acum: 758.562
2018-09-30 20:56:55 INFO  ExamenDao:98 - Día siguiente al último Jueves de mes. Día: Fri Feb 01 00:00:00 CET 2008. Valor Apertura: 6.798. Acciones:7.208 Acciones Acum: 765.770
2018-09-30 20:56:55 INFO  ExamenDao:98 - Día siguiente al último Jueves de mes. Día: Fri Feb 29 00:00:00 CET 2008. Valor Apertura: 6.876. Acciones:7.126 Acciones Acum: 772.896
2018-09-30 20:56:55 INFO  ExamenDao:98 - Día siguiente al último Jueves de mes. Día: Fri Mar 28 00:00:00 CET 2008. Valor Apertura: 7.232. Acciones:6.775 Acciones Acum: 779.671
2018-09-30 20:56:55 INFO  ExamenDao:98 - Día siguiente al último Jueves de mes. Día: Fri May 30 00:00:00 CEST 2008. Valor Apertura: 6.224. Acciones:7.873 Acciones Acum: 787.544
2018-09-30 20:56:55 INFO  ExamenDao:98 - Día siguiente al último Jueves de mes. Día: Fri Jun 27 00:00:00 CEST 2008. Valor Apertura: 5.622. Acciones:8.716 Acciones Acum: 796.260
2018-09-30 20:56:55 INFO  ExamenDao:98 - Día siguiente al último Jueves de mes. Día: Fri Aug 01 00:00:00 CEST 2008. Valor Apertura: 6. Acciones:8.167 Acciones Acum: 804.427
2018-09-30 20:56:55 INFO  ExamenDao:98 - Día siguiente al último Jueves de mes. Día: Fri Aug 29 00:00:00 CEST 2008. Valor Apertura: 6.194. Acciones:7.911 Acciones Acum: 812.338
2018-09-30 20:56:55 INFO  ExamenDao:98 - Día siguiente al último Jueves de mes. Día: Fri Sep 26 00:00:00 CEST 2008. Valor Apertura: 6.44. Acciones:7.609 Acciones Acum: 819.947
2018-09-30 20:56:55 INFO  ExamenDao:98 - Día siguiente al último Jueves de mes. Día: Fri Oct 31 00:00:00 CET 2008. Valor Apertura: 5.136. Acciones:9.540 Acciones Acum: 829.487
2018-09-30 20:56:55 INFO  ExamenDao:98 - Día siguiente al último Jueves de mes. Día: Fri Nov 28 00:00:00 CET 2008. Valor Apertura: 5.31. Acciones:9.228 Acciones Acum: 838.715
2018-09-30 20:56:55 INFO  ExamenDao:98 - Día siguiente al último Jueves de mes. Día: Fri Jan 30 00:00:00 CET 2009. Valor Apertura: 5.852. Acciones:8.373 Acciones Acum: 847.088
2018-09-30 20:56:55 INFO  ExamenDao:98 - Día siguiente al último Jueves de mes. Día: Fri Feb 27 00:00:00 CET 2009. Valor Apertura: 5.9. Acciones:8.305 Acciones Acum: 855.393
2018-09-30 20:56:55 INFO  ExamenDao:98 - Día siguiente al último Jueves de mes. Día: Fri Mar 27 00:00:00 CET 2009. Valor Apertura: 5.6. Acciones:8.750 Acciones Acum: 864.143
2018-09-30 20:56:55 INFO  ExamenDao:98 - Día siguiente al último Jueves de mes. Día: Mon May 04 00:00:00 CEST 2009. Valor Apertura: 6.64. Acciones:7.380 Acciones Acum: 871.523
2018-09-30 20:56:55 INFO  ExamenDao:98 - Día siguiente al último Jueves de mes. Día: Fri May 29 00:00:00 CEST 2009. Valor Apertura: 6.258. Acciones:7.830 Acciones Acum: 879.353
2018-09-30 20:56:55 INFO  ExamenDao:98 - Día siguiente al último Jueves de mes. Día: Fri Jun 26 00:00:00 CEST 2009. Valor Apertura: 6.768. Acciones:7.240 Acciones Acum: 886.593
2018-09-30 20:56:55 INFO  ExamenDao:98 - Día siguiente al último Jueves de mes. Día: Fri Jul 31 00:00:00 CEST 2009. Valor Apertura: 7.492. Acciones:6.540 Acciones Acum: 893.133
2018-09-30 20:56:55 INFO  ExamenDao:98 - Día siguiente al último Jueves de mes. Día: Fri Aug 28 00:00:00 CEST 2009. Valor Apertura: 7.462. Acciones:6.567 Acciones Acum: 899.700
2018-09-30 20:56:55 INFO  ExamenDao:98 - Día siguiente al último Jueves de mes. Día: Fri Oct 30 00:00:00 CET 2009. Valor Apertura: 7.968. Acciones:6.150 Acciones Acum: 905.850
2018-09-30 20:56:55 INFO  ExamenDao:98 - Día siguiente al último Jueves de mes. Día: Fri Nov 27 00:00:00 CET 2009. Valor Apertura: 8.31. Acciones:5.897 Acciones Acum: 911.747
2018-09-30 20:56:55 INFO  ExamenDao:98 - Día siguiente al último Jueves de mes. Día: Fri Jan 29 00:00:00 CET 2010. Valor Apertura: 9.073. Acciones:5.401 Acciones Acum: 917.148
2018-09-30 20:56:55 INFO  ExamenDao:98 - Día siguiente al último Jueves de mes. Día: Fri Feb 26 00:00:00 CET 2010. Valor Apertura: 8.611. Acciones:5.690 Acciones Acum: 922.838
2018-09-30 20:56:55 INFO  ExamenDao:98 - Día siguiente al último Jueves de mes. Día: Fri Mar 26 00:00:00 CET 2010. Valor Apertura: 9.942. Acciones:4.929 Acciones Acum: 927.767
2018-09-30 20:56:55 INFO  ExamenDao:98 - Día siguiente al último Jueves de mes. Día: Fri Apr 30 00:00:00 CEST 2010. Valor Apertura: 9.44. Acciones:5.191 Acciones Acum: 932.958
2018-09-30 20:56:55 INFO  ExamenDao:98 - Día siguiente al último Jueves de mes. Día: Fri May 28 00:00:00 CEST 2010. Valor Apertura: 9.016. Acciones:5.435 Acciones Acum: 938.393
2018-09-30 20:56:55 INFO  ExamenDao:98 - Día siguiente al último Jueves de mes. Día: Fri Jul 30 00:00:00 CEST 2010. Valor Apertura: 10.218. Acciones:4.795 Acciones Acum: 943.188
2018-09-30 20:56:55 INFO  ExamenDao:98 - Día siguiente al último Jueves de mes. Día: Fri Aug 27 00:00:00 CEST 2010. Valor Apertura: 10.286. Acciones:4.764 Acciones Acum: 947.952
2018-09-30 20:56:55 INFO  ExamenDao:98 - Día siguiente al último Jueves de mes. Día: Fri Oct 01 00:00:00 CEST 2010. Valor Apertura: 11.606. Acciones:4.222 Acciones Acum: 952.174
2018-09-30 20:56:55 INFO  ExamenDao:98 - Día siguiente al último Jueves de mes. Día: Fri Oct 29 00:00:00 CEST 2010. Valor Apertura: 11.936. Acciones:4.105 Acciones Acum: 956.279
2018-09-30 20:56:55 INFO  ExamenDao:98 - Día siguiente al último Jueves de mes. Día: Fri Nov 26 00:00:00 CET 2010. Valor Apertura: 11.74. Acciones:4.174 Acciones Acum: 960.453
2018-09-30 20:56:55 INFO  ExamenDao:98 - Día siguiente al último Jueves de mes. Día: Mon Jan 03 00:00:00 CET 2011. Valor Apertura: 11.2. Acciones:4.375 Acciones Acum: 964.828
2018-09-30 20:56:55 INFO  ExamenDao:98 - Día siguiente al último Jueves de mes. Día: Fri Jan 28 00:00:00 CET 2011. Valor Apertura: 11.262. Acciones:4.351 Acciones Acum: 969.179
2018-09-30 20:56:55 INFO  ExamenDao:98 - Día siguiente al último Jueves de mes. Día: Fri Feb 25 00:00:00 CET 2011. Valor Apertura: 10.63. Acciones:4.610 Acciones Acum: 973.789
2018-09-30 20:56:55 INFO  ExamenDao:98 - Día siguiente al último Jueves de mes. Día: Fri Apr 01 00:00:00 CEST 2011. Valor Apertura: 11.336. Acciones:4.323 Acciones Acum: 978.112
2018-09-30 20:56:55 INFO  ExamenDao:98 - Día siguiente al último Jueves de mes. Día: Fri Apr 29 00:00:00 CEST 2011. Valor Apertura: 12.07. Acciones:4.060 Acciones Acum: 982.172
2018-09-30 20:56:55 INFO  ExamenDao:98 - Día siguiente al último Jueves de mes. Día: Fri May 27 00:00:00 CEST 2011. Valor Apertura: 12.606. Acciones:3.887 Acciones Acum: 986.059
2018-09-30 20:56:55 INFO  ExamenDao:98 - Día siguiente al último Jueves de mes. Día: Fri Jul 01 00:00:00 CEST 2011. Valor Apertura: 12.568. Acciones:3.899 Acciones Acum: 989.958
2018-09-30 20:56:55 INFO  ExamenDao:98 - Día siguiente al último Jueves de mes. Día: Fri Jul 29 00:00:00 CEST 2011. Valor Apertura: 12.504. Acciones:3.919 Acciones Acum: 993.877
2018-09-30 20:56:55 INFO  ExamenDao:98 - Día siguiente al último Jueves de mes. Día: Fri Aug 26 00:00:00 CEST 2011. Valor Apertura: 11.152. Acciones:4.394 Acciones Acum: 998.271
2018-09-30 20:56:55 INFO  ExamenDao:98 - Día siguiente al último Jueves de mes. Día: Fri Sep 30 00:00:00 CEST 2011. Valor Apertura: 12.942. Acciones:3.786 Acciones Acum: 1002.057
2018-09-30 20:56:55 INFO  ExamenDao:98 - Día siguiente al último Jueves de mes. Día: Fri Oct 28 00:00:00 CEST 2011. Valor Apertura: 13.742. Acciones:3.566 Acciones Acum: 1005.623
2018-09-30 20:56:55 INFO  ExamenDao:98 - Día siguiente al último Jueves de mes. Día: Fri Dec 30 00:00:00 CET 2011. Valor Apertura: 12.674. Acciones:3.866 Acciones Acum: 1009.489
2018-09-30 20:56:55 INFO  ExamenDao:98 - Día siguiente al último Jueves de mes. Día: Fri Jan 27 00:00:00 CET 2012. Valor Apertura: 13.67. Acciones:3.584 Acciones Acum: 1013.073
2018-09-30 20:56:55 INFO  ExamenDao:98 - Día siguiente al último Jueves de mes. Día: Fri Feb 24 00:00:00 CET 2012. Valor Apertura: 13.902. Acciones:3.525 Acciones Acum: 1016.598
2018-09-30 20:56:55 INFO  ExamenDao:98 - Día siguiente al último Jueves de mes. Día: Fri Mar 30 00:00:00 CEST 2012. Valor Apertura: 14.19. Acciones:3.453 Acciones Acum: 1020.051
2018-09-30 20:56:55 INFO  ExamenDao:98 - Día siguiente al último Jueves de mes. Día: Fri Apr 27 00:00:00 CEST 2012. Valor Apertura: 13.526. Acciones:3.623 Acciones Acum: 1023.674
2018-09-30 20:56:55 INFO  ExamenDao:98 - Día siguiente al último Jueves de mes. Día: Fri Jun 01 00:00:00 CEST 2012. Valor Apertura: 13.368. Acciones:3.665 Acciones Acum: 1027.339
2018-09-30 20:56:55 INFO  ExamenDao:98 - Día siguiente al último Jueves de mes. Día: Fri Jun 29 00:00:00 CEST 2012. Valor Apertura: 15.93. Acciones:3.076 Acciones Acum: 1030.415
2018-09-30 20:56:55 INFO  ExamenDao:98 - Día siguiente al último Jueves de mes. Día: Fri Jul 27 00:00:00 CEST 2012. Valor Apertura: 16.534. Acciones:2.964 Acciones Acum: 1033.379
2018-09-30 20:56:55 INFO  ExamenDao:98 - Día siguiente al último Jueves de mes. Día: Fri Aug 31 00:00:00 CEST 2012. Valor Apertura: 17.324. Acciones:2.828 Acciones Acum: 1036.207
2018-09-30 20:56:55 INFO  ExamenDao:98 - Día siguiente al último Jueves de mes. Día: Fri Sep 28 00:00:00 CEST 2012. Valor Apertura: 19.4. Acciones:2.526 Acciones Acum: 1038.733
2018-09-30 20:56:55 INFO  ExamenDao:98 - Día siguiente al último Jueves de mes. Día: Fri Oct 26 00:00:00 CEST 2012. Valor Apertura: 19.296. Acciones:2.539 Acciones Acum: 1041.272
2018-09-30 20:56:55 INFO  ExamenDao:98 - Día siguiente al último Jueves de mes. Día: Fri Nov 30 00:00:00 CET 2012. Valor Apertura: 21.19. Acciones:2.312 Acciones Acum: 1043.584
2018-09-30 20:56:55 INFO  ExamenDao:98 - Día siguiente al último Jueves de mes. Día: Fri Dec 28 00:00:00 CET 2012. Valor Apertura: 21.57. Acciones:2.272 Acciones Acum: 1045.856
2018-09-30 20:56:55 INFO  ExamenDao:98 - Día siguiente al último Jueves de mes. Día: Fri Feb 01 00:00:00 CET 2013. Valor Apertura: 20.64. Acciones:2.374 Acciones Acum: 1048.230
2018-09-30 20:56:55 INFO  ExamenDao:98 - Día siguiente al último Jueves de mes. Día: Fri Mar 01 00:00:00 CET 2013. Valor Apertura: 20.66. Acciones:2.372 Acciones Acum: 1050.602
2018-09-30 20:56:55 INFO  ExamenDao:98 - Día siguiente al último Jueves de mes. Día: Tue Apr 02 00:00:00 CEST 2013. Valor Apertura: 20.55. Acciones:2.384 Acciones Acum: 1052.986
2018-09-30 20:56:55 INFO  ExamenDao:98 - Día siguiente al último Jueves de mes. Día: Fri Apr 26 00:00:00 CEST 2013. Valor Apertura: 20.11. Acciones:2.437 Acciones Acum: 1055.423
2018-09-30 20:56:55 INFO  ExamenDao:98 - Día siguiente al último Jueves de mes. Día: Fri May 31 00:00:00 CEST 2013. Valor Apertura: 19.628. Acciones:2.496 Acciones Acum: 1057.919
2018-09-30 20:56:55 INFO  ExamenDao:98 - Día siguiente al último Jueves de mes. Día: Fri Jun 28 00:00:00 CEST 2013. Valor Apertura: 19.266. Acciones:2.543 Acciones Acum: 1060.462
2018-09-30 20:56:55 INFO  ExamenDao:98 - Día siguiente al último Jueves de mes. Día: Fri Jul 26 00:00:00 CEST 2013. Valor Apertura: 19.918. Acciones:2.460 Acciones Acum: 1062.922
2018-09-30 20:56:55 INFO  ExamenDao:98 - Día siguiente al último Jueves de mes. Día: Fri Aug 30 00:00:00 CEST 2013. Valor Apertura: 20.06. Acciones:2.443 Acciones Acum: 1065.365
2018-09-30 20:56:55 INFO  ExamenDao:98 - Día siguiente al último Jueves de mes. Día: Fri Sep 27 00:00:00 CEST 2013. Valor Apertura: 22.93. Acciones:2.137 Acciones Acum: 1067.502
2018-09-30 20:56:55 INFO  ExamenDao:98 - Día siguiente al último Jueves de mes. Día: Fri Nov 01 00:00:00 CET 2013. Valor Apertura: 24.2. Acciones:2.025 Acciones Acum: 1069.527
2018-09-30 20:56:55 INFO  ExamenDao:98 - Día siguiente al último Jueves de mes. Día: Fri Nov 29 00:00:00 CET 2013. Valor Apertura: 23.43. Acciones:2.091 Acciones Acum: 1071.618
2018-09-30 20:56:55 INFO  ExamenDao:98 - Día siguiente al último Jueves de mes. Día: Fri Jan 31 00:00:00 CET 2014. Valor Apertura: 22.21. Acciones:2.206 Acciones Acum: 1073.824
2018-09-30 20:56:55 INFO  ExamenDao:98 - Día siguiente al último Jueves de mes. Día: Fri Feb 28 00:00:00 CET 2014. Valor Apertura: 20.78. Acciones:2.358 Acciones Acum: 1076.182
2018-09-30 20:56:55 INFO  ExamenDao:98 - Día siguiente al último Jueves de mes. Día: Fri Mar 28 00:00:00 CET 2014. Valor Apertura: 22.23. Acciones:2.204 Acciones Acum: 1078.386
2018-09-30 20:56:55 INFO  ExamenDao:98 - Día siguiente al último Jueves de mes. Día: Fri May 30 00:00:00 CEST 2014. Valor Apertura: 21.2. Acciones:2.311 Acciones Acum: 1080.697
2018-09-30 20:56:55 INFO  ExamenDao:98 - Día siguiente al último Jueves de mes. Día: Fri Jun 27 00:00:00 CEST 2014. Valor Apertura: 22.59. Acciones:2.169 Acciones Acum: 1082.866
2018-09-30 20:56:55 INFO  ExamenDao:98 - Día siguiente al último Jueves de mes. Día: Fri Aug 01 00:00:00 CEST 2014. Valor Apertura: 21.915. Acciones:2.236 Acciones Acum: 1085.102
2018-09-30 20:56:55 INFO  ExamenDao:98 - Día siguiente al último Jueves de mes. Día: Fri Aug 29 00:00:00 CEST 2014. Valor Apertura: 22.18. Acciones:2.209 Acciones Acum: 1087.311
2018-09-30 20:56:55 INFO  ExamenDao:98 - Día siguiente al último Jueves de mes. Día: Fri Sep 26 00:00:00 CEST 2014. Valor Apertura: 21.88. Acciones:2.239 Acciones Acum: 1089.550
2018-09-30 20:56:55 INFO  ExamenDao:98 - Día siguiente al último Jueves de mes. Día: Fri Oct 31 00:00:00 CET 2014. Valor Apertura: 22.15. Acciones:2.212 Acciones Acum: 1091.762
2018-09-30 20:56:55 INFO  ExamenDao:98 - Día siguiente al último Jueves de mes. Día: Fri Nov 28 00:00:00 CET 2014. Valor Apertura: 23.225. Acciones:2.110 Acciones Acum: 1093.872
2018-09-30 20:56:55 INFO  ExamenDao:98 - Día siguiente al último Jueves de mes. Día: Fri Jan 30 00:00:00 CET 2015. Valor Apertura: 26.375. Acciones:1.858 Acciones Acum: 1095.730
2018-09-30 20:56:55 INFO  ExamenDao:98 - Día siguiente al último Jueves de mes. Día: Fri Feb 27 00:00:00 CET 2015. Valor Apertura: 27.885. Acciones:1.757 Acciones Acum: 1097.487
2018-09-30 20:56:55 INFO  ExamenDao:98 - Día siguiente al último Jueves de mes. Día: Fri Mar 27 00:00:00 CET 2015. Valor Apertura: 29.7. Acciones:1.650 Acciones Acum: 1099.137
2018-09-30 20:56:55 INFO  ExamenDao:98 - Día siguiente al último Jueves de mes. Día: Mon May 04 00:00:00 CEST 2015. Valor Apertura: 28.665. Acciones:1.709 Acciones Acum: 1100.846
2018-09-30 20:56:55 INFO  ExamenDao:98 - Día siguiente al último Jueves de mes. Día: Fri May 29 00:00:00 CEST 2015. Valor Apertura: 30.655. Acciones:1.598 Acciones Acum: 1102.444
2018-09-30 20:56:55 INFO  ExamenDao:98 - Día siguiente al último Jueves de mes. Día: Fri Jun 26 00:00:00 CEST 2015. Valor Apertura: 30.165. Acciones:1.624 Acciones Acum: 1104.068
2018-09-30 20:56:55 INFO  ExamenDao:98 - Día siguiente al último Jueves de mes. Día: Fri Jul 31 00:00:00 CEST 2015. Valor Apertura: 30.785. Acciones:1.592 Acciones Acum: 1105.660
2018-09-30 20:56:55 INFO  ExamenDao:98 - Día siguiente al último Jueves de mes. Día: Fri Aug 28 00:00:00 CEST 2015. Valor Apertura: 29.85. Acciones:1.642 Acciones Acum: 1107.302
2018-09-30 20:56:55 INFO  ExamenDao:98 - Día siguiente al último Jueves de mes. Día: Fri Oct 30 00:00:00 CET 2015. Valor Apertura: 34.5. Acciones:1.420 Acciones Acum: 1108.722
2018-09-30 20:56:55 INFO  ExamenDao:98 - Día siguiente al último Jueves de mes. Día: Fri Nov 27 00:00:00 CET 2015. Valor Apertura: 33.115. Acciones:1.480 Acciones Acum: 1110.202
2018-09-30 20:56:55 INFO  ExamenDao:98 - Día siguiente al último Jueves de mes. Día: Mon Jan 04 00:00:00 CET 2016. Valor Apertura: 31.365. Acciones:1.562 Acciones Acum: 1111.764
2018-09-30 20:56:55 INFO  ExamenDao:98 - Día siguiente al último Jueves de mes. Día: Fri Jan 29 00:00:00 CET 2016. Valor Apertura: 29.88. Acciones:1.640 Acciones Acum: 1113.404
2018-09-30 20:56:55 INFO  ExamenDao:98 - Día siguiente al último Jueves de mes. Día: Fri Feb 26 00:00:00 CET 2016. Valor Apertura: 28.375. Acciones:1.727 Acciones Acum: 1115.131
2018-09-30 20:56:55 INFO  ExamenDao:98 - Día siguiente al último Jueves de mes. Día: Fri Apr 01 00:00:00 CEST 2016. Valor Apertura: 29.3. Acciones:1.672 Acciones Acum: 1116.803
2018-09-30 20:56:55 INFO  ExamenDao:98 - Día siguiente al último Jueves de mes. Día: Fri Apr 29 00:00:00 CEST 2016. Valor Apertura: 28.38. Acciones:1.727 Acciones Acum: 1118.530
2018-09-30 20:56:55 INFO  ExamenDao:98 - Día siguiente al último Jueves de mes. Día: Fri May 27 00:00:00 CEST 2016. Valor Apertura: 29.395. Acciones:1.667 Acciones Acum: 1120.197
2018-09-30 20:56:55 INFO  ExamenDao:98 - Día siguiente al último Jueves de mes. Día: Fri Jul 01 00:00:00 CEST 2016. Valor Apertura: 30.13. Acciones:1.626 Acciones Acum: 1121.823
2018-09-30 20:56:55 INFO  ExamenDao:98 - Día siguiente al último Jueves de mes. Día: Fri Jul 29 00:00:00 CEST 2016. Valor Apertura: 30.685. Acciones:1.597 Acciones Acum: 1123.420
2018-09-30 20:56:55 INFO  ExamenDao:98 - Día siguiente al último Jueves de mes. Día: Fri Aug 26 00:00:00 CEST 2016. Valor Apertura: 31.78. Acciones:1.542 Acciones Acum: 1124.962
2018-09-30 20:56:55 INFO  ExamenDao:98 - Día siguiente al último Jueves de mes. Día: Fri Sep 30 00:00:00 CEST 2016. Valor Apertura: 32.89. Acciones:1.490 Acciones Acum: 1126.452
2018-09-30 20:56:55 INFO  ExamenDao:98 - Día siguiente al último Jueves de mes. Día: Fri Oct 28 00:00:00 CEST 2016. Valor Apertura: 32.5. Acciones:1.508 Acciones Acum: 1127.960
2018-09-30 20:56:55 INFO  ExamenDao:98 - Día siguiente al último Jueves de mes. Día: Fri Dec 30 00:00:00 CET 2016. Valor Apertura: 32.245. Acciones:1.520 Acciones Acum: 1129.480
2018-09-30 20:56:55 INFO  ExamenDao:98 - Día siguiente al último Jueves de mes. Día: Fri Jan 27 00:00:00 CET 2017. Valor Apertura: 30.975. Acciones:1.582 Acciones Acum: 1131.062
2018-09-30 20:56:55 INFO  ExamenDao:98 - Día siguiente al último Jueves de mes. Día: Fri Feb 24 00:00:00 CET 2017. Valor Apertura: 30.44. Acciones:1.610 Acciones Acum: 1132.672
2018-09-30 20:56:55 INFO  ExamenDao:98 - Día siguiente al último Jueves de mes. Día: Fri Mar 31 00:00:00 CEST 2017. Valor Apertura: 32.47. Acciones:1.509 Acciones Acum: 1134.181
2018-09-30 20:56:55 INFO  ExamenDao:98 - Día siguiente al último Jueves de mes. Día: Fri Apr 28 00:00:00 CEST 2017. Valor Apertura: 34.865. Acciones:1.405 Acciones Acum: 1135.586
2018-09-30 20:56:55 INFO  ExamenDao:98 - Día siguiente al último Jueves de mes. Día: Fri May 26 00:00:00 CEST 2017. Valor Apertura: 35.99. Acciones:1.361 Acciones Acum: 1136.947
2018-09-30 20:56:55 INFO  ExamenDao:98 - Día siguiente al último Jueves de mes. Día: Fri Jun 30 00:00:00 CEST 2017. Valor Apertura: 33.99. Acciones:1.442 Acciones Acum: 1138.389
2018-09-30 20:56:55 INFO  ExamenDao:98 - Día siguiente al último Jueves de mes. Día: Fri Jul 28 00:00:00 CEST 2017. Valor Apertura: 33.5. Acciones:1.463 Acciones Acum: 1139.852
2018-09-30 20:56:55 INFO  ExamenDao:98 - Día siguiente al último Jueves de mes. Día: Fri Sep 01 00:00:00 CEST 2017. Valor Apertura: 32.015. Acciones:1.531 Acciones Acum: 1141.383
2018-09-30 20:56:55 INFO  ExamenDao:98 - Día siguiente al último Jueves de mes. Día: Fri Sep 29 00:00:00 CEST 2017. Valor Apertura: 31.805. Acciones:1.541 Acciones Acum: 1142.924
2018-09-30 20:56:55 INFO  ExamenDao:98 - Día siguiente al último Jueves de mes. Día: Fri Oct 27 00:00:00 CEST 2017. Valor Apertura: 31.52. Acciones:1.555 Acciones Acum: 1144.479
2018-09-30 20:56:55 INFO  ExamenDao:98 - Día siguiente al último Jueves de mes. Día: Fri Dec 01 00:00:00 CET 2017. Valor Apertura: 29.74. Acciones:1.648 Acciones Acum: 1146.127
2018-09-30 20:56:55 INFO  ExamenDao:108 -  
2018-09-30 20:56:55 INFO  ExamenDao:109 - El valor total a dia : Thu Dec 28 00:00:00 CET 2017 es: Acciones: 1146.127 y valor a cierre: 29.17 Total: 33432.52
2018-09-30 20:56:55 INFO  ExamenDao:119 -  
2018-09-30 20:56:55 INFO  ExamenDao:120 - Final Calculo Capital final Obtenido....
